app/manifest-merger-release-report.txt
-- Merging decision tree log ---
manifest
ADDED from AndroidManifest.xml:3:5
	xmlns:android
		ADDED from AndroidManifest.xml:3:98
	package
		ADDED from AndroidManifest.xml:3:65
		INJECTED from AndroidManifest.xml:0:0
		INJECTED from AndroidManifest.xml:0:0
	android:versionName
		ADDED from AndroidManifest.xml:3:15
		INJECTED from AndroidManifest.xml:0:0
		INJECTED from AndroidManifest.xml:0:0
	android:versionCode
		ADDED from AndroidManifest.xml:3:41
		INJECTED from AndroidManifest.xml:0:0
		INJECTED from AndroidManifest.xml:0:0
uses-sdk
ADDED from AndroidManifest.xml:5:5
MERGED from com.android.support:appcompat-v7:22.2.0:20:5
MERGED from com.android.support:support-v4:22.2.0:20:5
	android:targetSdkVersion
		ADDED from AndroidManifest.xml:5:15
		INJECTED from AndroidManifest.xml:0:0
		INJECTED from AndroidManifest.xml:0:0
	android:minSdkVersion
		ADDED from AndroidManifest.xml:5:45
		INJECTED from AndroidManifest.xml:0:0
		INJECTED from AndroidManifest.xml:0:0
uses-feature#android.hardware.touchscreen.multitouch
ADDED from AndroidManifest.xml:6:5
	android:name
		ADDED from AndroidManifest.xml:6:19
application
ADDED from AndroidManifest.xml:9:5
MERGED from com.android.support:appcompat-v7:22.2.0:22:5
MERGED from com.android.support:support-v4:22.2.0:22:5
	android:label
		ADDED from AndroidManifest.xml:9:50
	android:allowBackup
		ADDED from AndroidManifest.xml:9:113
	android:icon
		ADDED from AndroidManifest.xml:9:83
	android:theme
		ADDED from AndroidManifest.xml:9:18
activity#com.mavi.maneviyolculuk.Main
ADDED from AndroidManifest.xml:12:5
	android:label
		ADDED from AndroidManifest.xml:12:15
	android:name
		ADDED from AndroidManifest.xml:12:48
intent-filter#android.intent.action.MAIN+android.intent.category.LAUNCHER
ADDED from AndroidManifest.xml:15:5
action#android.intent.action.MAIN
ADDED from AndroidManifest.xml:17:5
	android:name
		ADDED from AndroidManifest.xml:17:13
category#android.intent.category.LAUNCHER
ADDED from AndroidManifest.xml:19:5
	android:name
		ADDED from AndroidManifest.xml:19:15
activity#com.mavi.maneviyolculuk.Author
ADDED from AndroidManifest.xml:25:5
	android:label
		ADDED from AndroidManifest.xml:25:15
	android:parentActivityName
		ADDED from AndroidManifest.xml:25:107
	android:name
		ADDED from AndroidManifest.xml:25:61
activity#com.mavi.maneviyolculuk.Items
ADDED from AndroidManifest.xml:27:5
	android:label
		ADDED from AndroidManifest.xml:27:15
	android:parentActivityName
		ADDED from AndroidManifest.xml:27:105
	android:name
		ADDED from AndroidManifest.xml:27:60
activity#com.mavi.maneviyolculuk.SubItems
ADDED from AndroidManifest.xml:29:5
	android:label
		ADDED from AndroidManifest.xml:29:15
	android:parentActivityName
		ADDED from AndroidManifest.xml:29:112
	android:name
		ADDED from AndroidManifest.xml:29:64
activity#com.mavi.maneviyolculuk.Contents
ADDED from AndroidManifest.xml:31:5
	android:label
		ADDED from AndroidManifest.xml:31:15
	android:name
		ADDED from AndroidManifest.xml:31:63